500
56 4293 779 2764 3745 953 1262 8098 7611 4761 8676 2475 6020 6054 3074 6920 6258 8994
21 4938 5509 2215 5059 7036 9666 3536 9265 9450 246 1796 1905 7484 6139 133 1496 1668
123 915 5929 2669 2385 8750 1273 8885 5298 5389 5661 8040 1956 5849 8600 1534 3012 2240
271 3005 3637 5754 1908 8153 5135 5097 8389 9067 9428 1195 5547 7899 7713 9139 4340 6101 5880
339 4572 3843 6249 7817 7006 1542 7474 639 3670 7270 1451 1423 6224 828 3885 321
385 9305 871 8483 9583 949 1716 9688 7925 4100 5362 1072 8549 5359 8352 79 9007
314 790 3297 4541 2406 2314 523 1306 7837 2123 5634 6506 6295 2340 4326 9075 5715
169 9015 1032 578 8351 7408 3722 5011 22 5183 7889 6257 232 8140 8722 2773 8387 7699 2962
75 6213 505 815 7642 7215 1323 2402 6379 3464 7630 8841 3543 7762
28 4486 2886 6267 4644 2034 6826 7567 6991 8570 977 1710
481 5535 7399 4388 5652 3895 5481 4115 9102 4238 3656 8445 2263 6170 4314 7413 935
340 7232 4416 6519 3557 1581 9728 6479 6226 7228 7463 3363 2926 9159 4558 786 5251 7569 6351 3146 4985
109 5769 6164 4683 3888 2202 366 3456 4613 5401 7806 3106 7709 2 3936 7652
9 4039 3079 7118 360 2203 9935 7414 9597 6103 8683 2302 374 8498 6547 2962
126 6607 7186 6058 8469 8768 1414 4976 4780 9510 6859 450 9398 7736 2175 745
390 4808 7340 1357 3392 4705 3835 6639 349 7382 8793 6207 8830 9199 2288
282 442 2586 9640 7233 2515 8123 6287 5246 7183 3660 5548 8092 9013 6613 2240
485 7747 7265 6144 4736 5825 6316 6598 7157 2369 5961 5141 5788 552 2555
428 4588 4792 4444 7150 5330 3153 5552 5723 8175 9290 1227 7153 2643 9968
423 2279 8413 7939 7503 4429 8835 8615 1958 3100 3261 9301 9244 321
372 7174 2559 8203 4655 8173 2918 9028 7734 2150 3111 412 2155 3584 8125
320 2289 1425 7115 6231 5941 150 7551 2684 1208 2401 6105 8145 569 79
180 3766 2270 4750 7472 2186 7352 3987 5948 1880 3194 2532 6608 6676 3376 5445 9533
79 7849 4323 740 6659 10 3375 3778 5347 9786 9330 7012 6611 7438
71 3682 754 5376 4977 5890 1309 326 115 9747 8431 352 7949 2
440 5678 7459 8895 8046 2356 6160 7909 8416 7195 1871 7759 7055
263 3523 8011 6417 6691 1084 6425 1495 131 6130 7841 4483 3700 1079 4071 5862 8711 4531 5962
198 4929 4828 1067 6265 3774 2863 6770 7884 9380 4908 1935 7627 6996 9586 5307 6482 9842 3012
183 2553 3493 4704 8332 6468 3417 3383 3820 9936 882 4356 1369 2256 7824 4362 3241 7434 8267 2732 9615 3982 6938
398 4080 8674 5342 9610 5350 5247 1371 4814 250 4383 4077 8043 3894
269 7993 5913 8183 6572 1244 1694 5024 273 854 1715 6014 5193 5386 3144 4909 1299 6613
99 191 712 2111 3017 5679 6633 1181 5682 5200 847 9899 6921 259 1668
5 7513 7234 6155 1439 9056 4086 482 5185 2476 5617 5259 5568 8975 7606 1963 4199
486 8824 8042 6698 8457 9434 345 9711 9577 9636 8263 1192 7956 496 5857 5917 183 5962
432 3024 4891 9763 2125 5327 4586 2167 9123 2124 5666 1625 2986
400 4766 8272 8178 5603 1602 2224 7823 9876 7285 1774
130 2076 491 4050 6594 4721 7437 1170 9238 979 321
405 276 4140 5692 9827 7810 5093 54 7362 3781 663 4901
187 6302 8982 6627 3743 8846 3860 3183 2486 6129 9646 7495 2877 8803 2644 2001 5885 8193
173 3453 351 7220 4266 7873 9187 5704 901 4242 3041 9442 2856 2818 9551 4801 1984 5437
155 8579 6557 4982 3086 2145 2291 6961 7980 9225 3061 1642 2240
27 141 5522 9291 4027 1885 8290 6286 5572 9982 3958 8758 835 5069 728 6201 5412 427 3877
465 4124 7796 2189 969 6395 2741 3014 4928 4307 2979 6912 2930 9704 9545 2
210 3842 7605 6185 9710 5399 9668 5157 4330 5606 4767 1611 8167 6621 7296
77 3755 7156 6956 9959 2885 390 5301 1346 4693 9867 7151 5337 7304 8539 1289 1429
7 2152 6653 2196 2722 6269 4223 5919 5049 6914 2061 247 2892 935
446 2824 5075 7697 8916 169 4698 7969 6824 2168 5737 6636 9086 3074 5715
356 9035 2548 4537 703 7562 265 8731 1246 8967 3251 4574 5525 8599
308 6457 5182 670 7278 7745 4726 4703 5564 6612 9530 518 1670 1134 2962
288 1665 4797 4277 7314 4158 8191 773 7628 7255 8013 3053 9852 4840 3537 3077 7949
226 2408 3057 2874 2935 9027 4015 6706 631 1020 1980 2240
207 4564 8170 6641 3522 9833 414 9816 8739 4496 2668 2422 3316 79
158 3547 7351 1236 7173 7155 613 2840 8732 2602 1337 6186 4076 2058 2349 7153 321
6 8917 27 9675 1336 8538 3933 2640 4412 4646 6281 8881 1638 8566
287 2079 8837 8765 2871 7028 1230 5949 6377 7030 4735 7693 4402 9464 8528 6778 7699
265 6896 954 7586 9440 6922 1399 355 5675 3132 42 7485 8605 5583 1383 979
262 1623 768 8298 1284 134 757 3762 2997 6840 511 4253 6492 1081 3050 9968
240 4333 7427 8809 8747 7921 8878 2744 5017 1019 4258 239 2059 3950 1560 9453 4199
220 1881 8101 2973 8914 2823 7874 6042 9895 3866 5155 221 5326 9533 2
204 522 2335 4161 9222 1481 5864 1559 2815 6115 4107 8134 2240
105 7082 3003 1562 9207 8780 8710 4031 2228 8015 1445 122 5299 755 9692 1218 8212 1763 2288 321
472 7904 4087 6541 1353 8527 4856 2421 4880 9562 1201 2711 7688 2608 8423 1391 2630 8994 2240
456 1419 4224 9671 7856 9021 8088 9114 6209 5680 5442 6077 3518 8904 3320 4664 7652
409 2934 9507 8521 3992 8801 2617 465 9529 5203 4728 9036 3023 8491 9007
276 2331 4133 6952 7262 6918 9471 6628 9898 3394 6031 7852 2327
171 7720 2326 8090 4592 4304 3714 7210 9526 9466 8787 8260 6092 8681 5477 4134 7880 6134 139
148 1567 8199 6242 2372 9051 2183 1376 9258 1394 7833 6986
122 2494 4914 5842 7248 6560 29 8796 6413 6332 6787 1479 3380 447 5748
33 3284 5587 1541 6671 7915 9295 8738 6925 1537 7358 2003 6343 6369 8188 6445 6153 9129 79
24 7521 3362 8666 4964 3319 6941 1528 6121 1632 657 7844 1941 6705 7240
493 4752 5109 2038 7840 8936 1014 7695 2785 6865 2230 2157 3521 5715
477 4999 6879 7881 4821 6597 3505 6545 8854 8443 2359 7490 2342 1328 1091 1042 7883
425 3978 6583 4906 9945 9676 5187 9235 8342 3277 2655 652 7795 1105 7438
403 2540 2083 2835 5308 4070 3025 1220 4060 8720 2952 4047 4407 425 3541 8307 8005 79
336 751 2647 8111 1628 3373 3582 154 4788 2897 5166 680 2431 926 6465 6538 7791 4035
298 3926 8037 6747 9216 8618 3145 8743 6595 4153 849 8444 3997 7386 9160 5762
208 5055 1109 9104 4956 6590 6188 2719 7331 6717 7525 116 3113 2555 1668
178 6426 1622 997 5370 7416 2953 3867 2255 3022 2666
160 8240 71 7455 3734 3494 7559 8249 4240 2900 5045 719 6534 3936
68 4225 9887 361 9588 961 2536 3492 7556 5451 5677 8491
15 2571 2138 4135 53 9137 401 8972 1021 9259 6301 2128 9003 6537 935 5715
1 9115 5170 858 1011 9079 6338 2197 312 8940 7086 7 1375 1121 2962
498 5031 6872 5687 7876 4843 2396 2367 7948 874 4097 8641 7786 8470 2986 3012
421 1318 3525 700 9691 8815 5085 3182 9784 3531 4286 2790 4855
410 3 4920 9593 6108 563 8693 3715 4865 1308 106 4737 7790 574 2
389 2524 8912 5004 8238 6388 4205 6917 7447 9459 8143 477 321
354 7907 9637 7330 4995 483 7368 3193 4474 5590 3827 2340 2240
317 3947 6480 1319 6777 8705 7321 1255 9746 9388 2065 2569 8990 5950 4923 9023 1979 4020
307 6312 4243 512 4073 9948 707 8250 6669 2085 5320 172 7426 9443 5038 7864 5869 6547
300 4942 9338 9260 5044 2721 9171 2210 1662 7249 553 8234 6739 6899 6327 8069 8644 3894
254 7383 736 6606 7536 331 8511 3634 8213 3970 7694 7807 6082 2264 5340 3074
216 627 7486 8715 1773 8492 8728 9168 575 1838 9318 1501 8022 1017 5053 8293 2962
214 3121 7493 3058 6646 3216 3581 21 7738 5538 3830 1668
150 3580 8025 5907 7457 8 3283 3966 7865 1435 5863 4624 935
499 83 2842 6117 1129 9871 9101 4902 1591 682 2622 6962 8068 647 4341 9533
489 731 2115 4148 7263 1041 1055 9316 317 5138 7409 9780 4631 6250 7435 2904 79
467 9986 9686 2037 9449 5798 4397 5244 7792 9415 3657 1783 1292 8428 8116 2555
418 6035 6460 4042 5454 3069 2750 1424 9650 3200 1590 3460 108 9032 5783 8812 9842
407 9766 5513 5795 3422 1776 7169 1324 2127 359 4218 3465 4079 8387
384 5054 5220 1168 5712 6449 3561 7347 2135 7835 5284 372 8947 6584 7652
376 7976 3034 750 3045 7663 2852 4046 7816 3705 8713 8284 9007
283 8392 5086 591 1600 4181 9457 8734 6854 1640 2071 726 6270 1524
228 4349 8429 7589 3286 8289 7543 4941 5476 668 3164 1793 8981 8883 8462 7713 7762 2962
201 897 4744 713 210 6157 5312 9957 7048 4966 5772 7453 952 1719 8168 3102 9834
164 8887 6389 8996 9477 8702 9122 4126 132 2500 8813 1937 3777 7213 6675 6067 3377 2288
128 8559 4363 2505 38 2112 1463 4892 4230 827 5515 7845 6827 7413
112 9161 7041 3729 4789 8050 7192 7114 2677 4823 2018 1728 1137 5248 6258 5715
102 3224 2787 2275 7381 3850 792 3516 1682 9673 1077 6630 9120 3869 199 9930 2121
93 6190 8480 1606 5628 8508 3325 4032 7689 57 4666 5972 2274 9848
72 6908 3418 7714 6414 4551 4869 771 3424 4903 3897 7120
453 8138 9745 5371 4166 9365 833 4425 1034 3720 4352 1343 3936
438 3473 3746 7000 1507 2922 7702 4671 1431 9132 4129 925 321
414 1139 4747 6256 9066 4241 5390 7673 5408 8399 9953 7946 7102 1601 3163 4377
411 6259 8052 1276 9981 8148 4078 3616 6367 873 5757 8008 8209 8495
401 3300 9363 8714 8548 3759 1207 1147 1652 5895 2240
251 8093 7450 8767 9521 4851 1065 3313 6890 1458 3262 7135 780 5064
167 3772 1708 7471 2701 2678 2329 3794 1104 3809 7379 6161 7732 1774
163 4414 7309 7887 9408 182 2573 2779 129 1761 7253 3961 7787 3539 5492 9374
147 8744 8554 4533 820 4627 4656 641 2911 1663 1223 1107 6347 8671 8125
142 7201 6309 5041 6091 7582 9030 2736 6740 1365 6652 3134 3837 8406
111 5107 8761 4991 2472 8374 9920 3859 8035 8125
76 3721 9492 9470 2796 6205 3242 9736 9999 1962 3699 8703 759 9669 3982
478 632 5282 529 8236 3591 6241 2960 2272 3876 8106 3567 4501 6101 5962
452 519 5467 3192 9413 2102 1237 2403 4846 4702 3109 3349 3586 9270 8994 2
341 1527 2035 421 1203 9643 8056 9722 3195 4670 6989 7069 9990 3758 7699
296 9905 9125 7633 9495 7563 3386 8319 3821 1893 2878 5533 7975 5006 2192 4527 6613
278 9585 4904 7977 2598 6577 5211 5130 4926 2896 1297 8343 4612 6428 2707 5880
274 1420 8782 789 720 6353 9427 6886 510 8481 6030
260 6458 7276 8927 4053 2839 5365 4629 4175 8014 9547 648 3293 2910 2769 5356 9573 8716 2240
249 3902 1645 2495 5897 7298 8386 3985 1998 1803 3101 1471 6978 4765 2240
248 3691 3530 8898 1196 2043 6609 1138 8454 2853 9347 4282 2439 7997
230 5707 493 5904 7396 1823 7799 8195 1521 296 1028 1942 9903 1668
190 6900 3348 1407 7022 1538 4866 864 3622 6143 5503 4256 8900 6360 1534 5715
152 4048 6469 1188 4303 8572 1258 5660 4379 4740 8449 7604 9483 2643
107 4830 6471 1298 9606 1831 6345 7357 5957 4159 3795 7429 5848 79
103 1617 2850 1892 101 3442 1973 1743 9921 7836 8949 9461 2555
436 9094 5300 5595 1826 8831 1566 3188 2695 7107 8894 6416 9796 3932 3119 7949
397 5854 3563 4214 9566 9878 2214 7050 56 7530 928 3681 2109 5911 4470 1695 4437 745
381 8921 4013 6851 4178 6038 7547 2355 9988 7629 1734 2492 9635 2423 4106 7933 1749 220 2533
362 3322 9694 9424 598 5838 4237 3524 2351 3463 7940 758 6509 7481 1546 3032
352 472 8790 9022 679 2925 1639 7877 5346 7392
346 6410 5404 4947 1798 2550 5070 9616 1038 225 3278 4497 7699
344 4003 5886 8382 1142 831 6587 5867 5990 7685 6588 4619 9244
200 537 6959 3752 362 60 7294 7859 2353 6734 8152 3625 4264 8696 3981 2595 979
185 9196 3170 4755 6964 1380 8237 9514 8159 3454 1839 5813 8920 8418 3750 148 79
182 2529 6017 3959 3202 6176 4301 8823 1906 955 6320 5387 1780 9659 6054
81 3747 3532 9721 3928 8241 9517 655 1693 4589 9241 9735 5446 6187
34 8792 1952 6068 2451 734 9997 2788 3588 6571 4513 6798 2146 2685 4176 5412
497 5611 9366 2751 7641 8275 4853 5293 6062 5204 2005 7057 8986 4222 6029 79
495 2811 1159 7784 207 263 701 7119 5375 7303 4580 6001 4965 1125 3982
459 229 4382 3600 6776 8762 7223 4040 1613 8350 100 9955 8130
451 5162 4636 5179 9740 5615 1529 8097 798 7967 2766 8628 5269 723 4784 9224 5715
450 5358 3596 6979 8973 4649 1466 167 5578 1723 1582 3007 5872 756 84 5507 2962
447 9422 1202 1866 8532 216 7770 1629 8858 616 4289 6174 8832 2407 321
413 5012 8678 3963 9557 6564 4684 5027 6474 8291 5657 2774 8922 5504 352
331 1769 9755 1133 6166 6150 603 9664 3143 1122 8737 3977 3408 238 2
327 5035 7489 2213 2985 2296 6135 1085 9372 8086 5468 2445 4345 8910 3877
313 7305 8278 659 4177 7327 2607 3169 895 2074 6109 3395
281 7875 4810 2105 2693 1006 6602 5431 724 879 5352 4035
197 1781 5964 4654 1440 7828 7063 9108 343 6227 3909 7542 7767 6528
84 699 386 5554 299 9040 5227 4292 5532 6556 9025 2624 7267 7949
73 8150 7415 1114 2660 7651 5430 316 5146 8819 6218 9014
41 2570 5794 7197 4507 9896 7910 4154 5073 5163 6273 1595 7105 691 1157 7361 7883 2962
8 6154 1615 4120 3744 1301 7038 6680 8219 4772 9096 5241 5748
458 7772 6027 3429 2243 9804 5527 4565 7194 5728 3411 7064 468 6938 427
444 2143 6125 9523 3534 2463 5450 5195 7687 1303 6299 2650
429 7854 739 6292 7436 2516 4669 5466 379 3267 5068 6574 3784 2199 715 1920 3006 5307 2962
412 6651 8004 2939 8177 7676 5695 5007 4519 7783 2467 6744 4314
378 9717 5743 3067 8905 4607 8592 4648 6690 1043 7066 6085 1572 9968 7762
272 1923 6525 329 7010 9200 7650 3955 9708 6497 7385 6511 6503 8265 155 7044 7517 9842
241 1410 1128 9683 5730 1520 7204 2565 9902 2278 3856 7477 6616 7598 3117 2699 6470 4311 6613
212 8287 7004 1152 9950 2232 4103 3854 5751 8190 5125 5553 1904 3894
119 6780 9738 9344 1756 8804 3892 1901 176 2537 1799 4939 8805 8489 4626 7153 935
104 2936 1488 4438 5402 7843 6307 3172 4819 1917 6942 1149 7296
90 9289 7256 490 6644 2907 6221 2191 3760 8000 1757 5216 1554 7180 205 412
48 3702 9280 8118 7963 1627 6617 6934 2006 5082 5034 2662 1238 3074 79
20 7911 7359 6694 7623 6317 5912 3218 4783 5581 5232 6817 3158 3885
474 661 2692 6700 6647 6650 3274 6364 3825 7945 7451 1083 3304 3012
393 7797 7261 8064 7638 2747 9414 1637 9734 6074 6811 1379 3240 7736
309 6936 3031 5427 82 1666 6400 9209 6614 7718 7177 5710 307 3783 3836
305 5622 8583 3214 6540 3983 62 5336 2530 9478 9037 1140 1252 6044 6938
252 813 9429 2551 2399 7554 8635 3296 2470 7160 3038 687 2412 2704
244 5395 8362 8324 5280 7683 6543 6558 3068 3037 5456 8684 560 9007 321
161 6372 2190 4351 1180 6253 3804 3552 1056 5258 6526 2100 2844 1348 5339 7456 4326 2962
133 4490 1727 1896 245 5176 3165 7591 2007 624 7454 272 1058 5219 979
115 1386 3027 2415 3813 2504 1631 8652 3951 7142 9111 7751 8644 7652
63 5988 7020 1161 3962 4566 4860 1861 503 5993 5418 5860 9493 1657 2114 9968
13 2447 6116 1459 9859 1940 7393 1982 587 8089 8372 8816 930 7355 4314
462 6741 6786 7101 2169 8031 9845 142 4487 1313 944 542 4520 7208 6550 1476 3936 5715
443 8764 7827 287 5909 5287 9407 5161 4587 9263 5139 4985 4199
395 1416 2172 1468 4553 8459 1978 297 5317 6336 6467 7949 2240
342 8186 4635 7316 9928 5636 2674 1577 1398 171 8617 3723 4418 5898 545 774 5099 5715
325 6707 9624 9304 137 3995 6235 1342 9661 6802 1179 2464 2735 7762
302 2284 5081 4404 4652 8842 3573 2479 6810 989 9705 8248 838 2962
227 3719 548 1818 9832 1879 5550 4149 3662 9317 1465 6909 3533 6631 3753 3877 2240
91 4094 8110 7127 4099 810 6805 6973 5279 4532 4905 8363 3545 5756 8711 2
87 9781 2295 696 9375 5815 14 4434 6318 7336 4350 6431 2485 8371 4108 6141 5715
53 974 2049 4456 3475 6757 9770 8648 2248 7085 8227 2121
39 8864 2959 2497 2063 5226 9188 2395 2799 4717 5773 6216 1557
32 9838 2465 8076 4663 2534 8523 8870 3666 5517 3310 8850 3012 5715
29 4136 5925 2064 8033 5275 3167 9 7281 6124 7130 6823 2673 8722
460 214 4714 1022 9769 3956 571 7165 9389 9274 492 6949 6737 843 3074 2240
419 6878 413 6329 913 2972 1050 1530 2092 9230 9090 7626 7095 7026 311 8387
294 3673 1788 7318 1294 2663 6041 7121 1198 6278 9089 2827 8931 267 6404 9244
289 7901 2795 6619 4215 2709 9789 2860 3624 5013 1250 9139 9244
286 983 5899 785 8686 4251 1912 9602 4963 3664 9823 2848 3653 9255 4324 2383 4045 6547
277 2164 6767 9226 593 686 117 4893 5218 9175 6181 5090 8471 9590 5295 8484 7575 9244
268 8740 4554 4065 2621 6370 4450 5234 7528 7522 3338 5440 650 3602 6258
247 5491 1953 1565 3968 6452 9802 1130 1144 9900 9357 8908 3562 420 5962
168 5690 4512 1924 6837 2217 2690 6401 228 9685 6489 6736 9075 2240
143 4049 602 2098 4421 6724 1417 2740 9576 3026 6518 3269 541 850 4340
118 8220 1345 257 2468 3973 904 9256 3404 6585 9432 6642 7647 6928 738 2322 5341
114 3072 8515 2980 8463 67 3852 8151 4596 2554 9379 2531 7965 5126 7367
14 8137 528 1264 9396 4189 2996 9941 2082 4033 507 168 4539 5412 5715
494 7987 9660 4226 7039 2576 8505 3749 3461 2419 5785 6529 6331 7285 321
473 6448 5770 7103 9184 799 7469 268 3565 6488 3630 6134 1668 2555
461 6037 8080 8507 3315 7424 9782 9005 3292 7585 1555 8863 1984 79
406 6512 1233 6873 8509 5753 2688 3126 1569 3822 7425 2155 2288 2
365 8888 6796 1762 2129 4255 8012 7412 2894 1570 5566 163 5061 2698 2611 3371
357 8103 9775 253 6415 8822 976 5835 4001 2020 7250 6010 2424 1625
316 7581 8992 2171 2730 5637 2070 193 2635 819 4623 2173 4299 9008
291 6089 7274 6781 667 3628 9315 1047 4192 451 2304 9991 437 6750 2426 9197 7883
280 2457 8197 6011 8518 7561 4949 9232 3502 4754 1969 6924 2404 6712 2962
259 8959 592 2450 4687 775 4577 8501 823 5818 7531 5286 9463 7740 1145 2643
237 4563 2717 7903 8608 2384 4127 6752 9047 5134 3205 9010 2867 105 8491
229 4988 325 2590 5278 2737 143 7152 271 6110 767 6300 6520 165 5607 9043 2858 6049
224 9420 3717 1855 4568 5236 3737 5249 6382 644 4760 4958 2986
199 9068 8464 1146 3450 8010 240 6808 5968 9825 8844 5072 3103 6613
193 3018 243 7387 3071 7801 2584 4573 279 3459 3207 2060 9199
186 1626 4974 7800 2767 4708 760 78 8627 6793 4559 3706 9302 7709 8125
175 6843 6152 8136 6626 8128 3458 9472 3677 7077 3535 6005 3379 569 8994
156 2869 2078 6723 6436 621 6495 4552 9351 6940 5032 7902
144 4328 9093 3291 7200 9552 7461 612 8585 2081 7526 4526 76 427
132 1211 1897 6863 3243 96 3787 1930 2879 1351 3761 7013 3632 7293 9731 259 321
97 5369 8421 6502 4391 2008 8264 4472 8542 52 1052 8580 6101 5715
82 7847 6396 5868 3388 1396 1925 5536 305 6954 3506 5654 9352 9615 4901 4199
51 1102 3710 9857 5952 5878 5602 3800 88 6296 321
25 3287 3913 6192 6546 8254 233 4782 2746 7212 7023 202 2596 9733 4399
18 5343 9473 8624 7299 9332 8115 8531 7448 1902 6857 8344 6324 8105 9404 6672 3074
484 4054 8757 608 4653 8327 8468 8553 1156 5321 6057 625 79
476 4720 5398 7771 8473 4168 2680 5268 5444 9279 2448 6146 3275 8071 1186 6635 6021 3982
439 9595 8586 4925 153 1981 6531 1514 1475 3260 9192 3352 3863 7049 450 5880
422 6199 802 1382 7748 3401 540 4907 9861 6748 3044 1992 206 5192 8907 8899 6280 732 4340 4855
310 5596 8253 1815 9416 8595 86 2968 4763 9203 7289 3178 5966 8663 2962
257 7752 2365 9791 7170 4121 4511 8510 3271 3231 4294 1163 452 7320 5412
181 255 6722 7680 3713 5717 6834 2471 8901 5261 1515 4786 7179 5762
170 1453 2752 4296 2249 4601 793 7763 744 332 1883 3486 6251 6953 5775 8134
137 6476 4713 8305 5429 7205 1972 9382 2253 3203 1608 480 4967 5880
89 2091 547 6677 896 2194 5485 9293 7076 1536 0 3679 8257 9273 5253 1299
49 9019 9502 3154 694 4832 6419 381 3366 6874 4679 9270
36 9409 7506 5822 6373 1864 469 3881 3447 144 197 2376 2491 2136 7652 2
466 9117 2927 9460 9824 262 8357 7879 7377 2770 5668 5483 7240
448 7307 8001 4994 9001 2727 8320 8461 1169 5998 9451 2047 4785 6538 1979
417 634 1651 5271 4987 4874 6709 161 1523 320 5663 7219 7699
345 5546 446 8862 6494 6323 5406 416 6578 9508 5755 2473 3846 5555 5752 1752
266 2389 863 1811 4066 2588 4318 4206 7594 473 2679 6692 7699
234 8434 6002 7350 6339 1664 6804 1709 2522 9138 9533
205 6234 8736 8353 8727 9271 5651 888 196 3423 9621 5349 5322 9299 7413
189 5391 1001 3425 7775 521 6334 1193 9236 7602 1432 9080 9817 1770 111 8918 7782 7153
176 7348 9484 4695 7984 8447 5722 358 6985 9210 1800 5887 9758 9720 367 3144 5340
153 8425 3907 4955 417 9886 1338 9164 8490 3467 3177 2066 7001 9968 79
110 8598 3542 5078 2418 8017 3620 41 7927 3130 3605 9933 2
69 6381 6397 1918 8808 5999 1430 4389 7868 8032 7311 8547 867 2013 8994
61 3618 8616 5460 5016 3016 8653 2021 7380 753 2240
46 9245 8880 457 5351 8045 501 8866 9038 3627 7507 9152 5656 7568 135 3758
44 6420 5534 5432 1820 4975 4411 2225 9622 2510 7870 6447 8794 3543 2240
4 6459 1403 2338 5022 4319 3751 7241 6821 1835 8328 695 1552 7968 2288
454 5779 4248 4347 6980 5424 1724 7721 2126 9714 6640 6696 2413
402 9085 2845 6725 2453 2258 1919 1427 3551 2868 8235 9842
383 6662 4481 1817 8989 2582 5549 822 6774 9627 7608 1010 8431 3074 2
349 9807 6402 2252 5325 2851 992 9874 6456 9340 3344 2768 6687 5677 79
299 7533 6718 6637 5653 7727 2379 4233 1948 5096 7353 3792 7880
284 3841 4594 7074 4517 7237 1280 2963 5079 1127 4180 1668 2962
145 147 4986 5028 7171 1120 7570 3548 9949 8853 1731 3728
92 5708 5609 5567 218 9761 3147 170 1851 3345 5104 6239 782 2614 4390 286 4822 8848 8043 321
37 2153 8781 7716 7231 5664 8926 1802 439 8078 5676 1429
442 4088 9811 6346 2195 124 9421 1219 1786 6771 5537 6624 5902 1117 6327 321
435 9083 3189 1620 5924 725 1092 8760 5714 1335 5388 860 1025 7333 7088 9545 7438
366 7821 8024 6773 5121 8081 8753 7578 1374 1644 5631 5658 8748 3610 475 30 4170 7762
333 9438 5382 9110 2458 3415 7730 4542 4173 8147 7040 3236 5726 183 979
311 3604 2324 3108 8390 8625 7021 4274 5703 3094 2958 3135 3703 776 7699
211 2941 9511 2781 4130 3013 7826 1362 5363 6276 3226 3049 7163 5543
194 6304 7302 1814 5158 7322 580 9568 2267 5662 9219 3905 9979
139 581 7089 1968 3116 6894 8890 8609 6937 2745 3391 8560 2414 1534
95 3469 9744 5856 3280 5473 4122 9528 3337 567 1964 9265 7883
60 1304 8903 7058 136 6803 7516 6229 1857 1916 1505 7206 4326 3074
40 7681 3546 23 3711 9862 2541 5840 6180 2211 3270 9349 7133 3012 9007
19 3608 1907 2160 6573 9994 6728 8397 2014 4128 2881 5198 6681 2340
475 2890 3084 2313 7510 195 6475 2330 4369 1807 2247 4354 2444 1454 447 1668
449 4452 8164 996 9204 7059 1994 3342 6764 110 8269 2615 2555 2
431 72 8636 1257 5905 986 7288 1046 333 4688 8185 476 8896 1956 1105 935
427 8079 7014 9929 8057 291 8276 2220 5729 3376
424 6408 5900 5625 3151 4883 8865 7494 2305 5744 4625 6196 4020
408 364 1242 1352 2048 4342 5739 2290 7639 1265 1049 5947 5705 3853 6170
386 3937 8670 1961 3471 149 7097 7960 9147 9937 2459 5112 1248 2760 9301 2986 2962
256 4339 1717 1725 1753 7202 1344 4697 3476 8962 7029 8309 2992 7895 3982
192 315 5065 3225 3035 8955 8410 905 4998 9208 7851 9313 8891 5129 6889 7438
177 8169 3655 956 5001 2712 764 6217 5901 940 4036 8829 4610 5502 6547
172 4798 1392 3738 770 585 9939 7371 1035 761 2627 6882 2483 369 8005
138 7444 419 5559 4672 2488 4725 3886 380 203 7519 4151 7296
23 5420 3797 1340 4696 6325 708 7872 936 5573 2508 3184 4884 200 8293
496 6801 6483 7552 3818 3448 5142 103 2759 4007 1504 4385 2962
487 175 461 8377 8612 9425 7842 5197 160 2682 4505 1585 7617 8027 2162 6790 2052 7055 7949 5715
469 323 7614 8785 5702 1239 4331 8270 741 1315 1959 1871 2
445 2800 7301 1293 4667 7808 636 5297 1474 1586 2806 9565 8431 79
441 9575 4769 7290 6430 3707 918 3847 4360 4970 8786 5400 647 8134
434 1288 8966 2772 4924 456 463 4420 7512 3405 179 7117 7998 9712 1287 1496 3584 6938 2962
353 353 7128 2998 4327 5169 4727 2865 3257 2009 4576 3936
351 3298 502 6374 980 8231 3693 3033 7346 9695 3064 883 6028 4234 2643
347 2991 1991 8466 3870 8721 7890 626 4084 5276 285 3434 5996 935
334 3675 5551 3099 3696 6822 6477 7141 3066 3440 2055 4820 8224 6352 9007
326 4510 5674 5153 4778 6688 8391 3704 3954 8952 102 230 6024 1289
318 4879 4092 7279 3290 7846 5323 7966 8552 884 9563 7025 7657 9016 7659 2480 8812 79
303 8283 982 9194 6876 8708 4502 4993 5416 9266 6496 6311 1858 4442 6613
297 2166 5235 4272 9371 9011 806 1295 7482 3891 7759 745
285 1062 7132 8789 2593 6260 3331 1291 689 5683 8044 836 3612 7653 7053 9013 321
279 9938 9608 3347 2843 6169 3953 551 8574 9485 8969 9087 3579 7756 7652 2240
121 3754 7060 6654 2726 684 4485 3644 5127 9248 9327 6033 300 5715
116 396 6075 3583 514 9343 4344 8924 407 6684 5020 5156 2346 1134 3894
59 4936 6230 9488 8637 4026 5092 8368 9840 1212 2653 5052 7922 4107
43 2895 4217 3096 824 4590 8179 6853 6297 4912 8127 2578 676 3009 2
483 3438 9752 2572 7287 6892 3110 9785 5995 7597 3326 3877
304 3329 6745 6393 766 1574 6378 7236 1558 9370 3479 3830 79
292 3324 393 3451 9718 8634 573 215 7588 8749 1004 9224 5762
275 9285 1487 8997 4038 4322 7042 9995 9954 6493 1950 6464 8212 7652
253 6835 7308 50 4435 5334 6792 1884 4195 9337 3811 9764 1383 2986
217 7499 4550 3931 2672 3890 6349 1609 1174 4162 8217 5458
203 6275 5865 7419 1751 1656 4431 3838 2562 9732 2628 1322 9129 2666
135 7774 1087 1561 4000 9172 3351 5816 7624 9500 8245 4317 8125
131 4044 6421 4525 213 671 8718 8706 3508 9679 7122 3839 5224 6549 8406 2240
125 4427 8388 7272 1587 152 2798 43 2282 978 1018 8486 1358 8062 1299 2240
55 4804 4854 7686 8144 4900 5186 7955 1312 7365 1833 9571 9522 3354 4463 2929 6101
364 4842 4145 9626 7344 4825 180 5926 2297 7072 3080 3575 1784 9533
360 8800 2462 8171 5738 7974 9078 8114 9082 4779 8963 3659 2209 3629 6534 3012 321
267 9797 5646 9540 1849 7326 6262 6315 8427 3864 1247 8230 1075 1150 427 2555
127 278 5940 4110 2207 3647 3984 2977 5724 4290 5859 2422 9968
66 2417 9890 7924 47 6337 3288 3615 7574 8060 2147 9178 79
50 8897 1989 2629 9153 2350 5103 1007 9406 1162 2687 8135 2327 9968 2962
463 2242 4193 1646 4285 3555 8623 4632 5531 1029 3771 6022 7009 5131 8049 6054
415 3887 1209 1785 4692 370 2826 8494 5845 5148 9681 3047 9600
319 1865 1064 4791 2002 8294 2391 2636 2538 5976 8522 1921 7078 4081 376 5194 7545 3982
290 8256 2238 9726 7894 6380 8302 8072 8142 5152 9053 9604 1401 7120 321
258 5731 33 8620 1467 4017 3500 3085 8376 7193 1790 2962
215 9598 658 7839 2713 9853 1194 9312 2460 6112 1012 2651 5097 9931
195 204 1409 4858 4862 3574 9656 6615 6165 4419 6355 3092 3077 8125
101 9567 77 7550 6535 6849 7329 5561 5472 8540 5800 8756 3914 3111
83 3180 6755 4332 8596 9548 1691 5292 7601 2281 8146 5780 8116 5962
67 9535 3265 3549 3118 8113 9400 9326 9634 8226 7636 7147 7762
62 1900 7505 7577 7062 4448 8321 7912 2286 2568 7124 4279 6487 3285 3894
52 7742 8441 9619 8208 1976 6208 8502 5986 5172 1698 1740 4677 7126 1066 1571 4824 5507
45 2908 9284 8359 8192 9142 6177 9496 8784 9081 9829 5997 9199 7413
35 8380 9099 8610 4321 6993 118 3185 3233 1840 6313 4423 2962
2 8619 1444 5896 5374 3736 3991 4150 2336 2814 4730 9653 8405 7615 7429
464 500 8717 8584 9130 4449 8337 2950 3767 4216 4558 79
433 3920 9150 4428 2231 735 458 9433 7706 1837 1944 2307 8210 9139
394 342 6576 392 3390 3764 2341 9261 6423 9926 9682 8373 9144 2857 1984
382 5713 4746 2364 9456 4480 8394 7961 36 3301 3232 6938
363 1718 6263 4538 2825 9275 8672 3161 9296 6472 5875 2639 8439 7652
328 3512 2828 1778 9348 8797 2262 2836 566 9555 4638 6505 1226 6376 8487 427 9533
261 6051 846 6290 4014 6685 3553 5499 2821 718 6248 4614 9652 3043 5869
218 2455 6852 9335 9050 8733 455 4640 9549 44 1687 3227 2961 5501 8687 921 6258
151 7587 8530 6919 3152 5953 5558 8225 8361 1266 3672 2028 5348 1339 8121
120 3174 4597 4659 3198 7798 1317 3857 5439 6255 9065 8994 321
100 34 2185 4280 2149 8699 9998 7075 8860 1175 6582 403 543 6785 7852 2240
22 1579 7027 4131 6567 6665 9402 1867 4187 3716 5384 9632 7369 3521 2240
491 3382 423 9298 645 1450 7723 698 4152 1354 7254 6584 2
420 620 7431 7356 8247 3999 714 4361 3695 2920 6018 3048 8055 4380 5462 6030
396 5630 5332 4229 177 2077 198 5407 1932 8529 5725 2665 8176 4401 3106 2555
380 7918 5937 1889 4969 8166 3171 5874 2416 4367 6189 1164 321
370 5787 7295 2984 1461 5425 5575 6720 9743 1697 1353 2962
321 4877 9218 2634 8059 3667 3569 9554 6592 2233 7557 4948 6465
264 8818 8239 9655 7017 8773 2337 55 5523 9287 7535 8077 4091 4531 352 5715
219 6933 7603 2205 1669 3419 7462 844 5693 964 5239 9075 1668
188 3544 6358 4113 3474 8707 3698 6929 1390 910 8491
174 4709 1722 6131 8242 6845 1184 6203 5047 1655 2990 5797 3141 4011 9436 2288
78 1678 3554 5736 9538 5108 7916 1847 1556 3211 5291 6163 443 5064
70 5592 212 3504 2580 7764 1553 7275 7537 3684 7954 2067 5639 555 1123 7713
12 2577 6328 7672 3908 5747 389 7970 6340 6215 9617 6831 3513 4341
426 4441 4582 3095 6926 6222 5853 716 4169 6232 8252 2523 2184 2000 1774
404 328 5877 3247 1846 4358 6065 489 3806 3807 9918 9860 2107 2846 5245 6020 7153
375 4445 5230 506 8953 3613 6271 535 872 1882 2301 5862 4855 321
165 3472 9570 9693 9716 7125 1363 5750 5353 283 3432 6895 673 4728 7709 2240
31 7610 3159 909 889 9847 97 2386 5958 59 2017 6385 6458 79
482 7100 3939 2989 6963 4348 8847 6568 7566 7110 159 9268 9395 4362 6827
430 7609 4600 2503 8513 6815 270 8156 8194 4954 868 2454 4960 1256
374 7722 7908 6451 5790 1166 5852 1153 2754 6266 4293 6285 8387
373 4758 5691 2708 9088 219 7741 4424 494 9060 8562 7769 5810 4957 925
338 3294 7185 4291 6148 3381 693 1746 2140 763 6903 8685 2892 3936
332 5000 5684 5046 3219 7339 6708 2411 611 2951 8295 1299
323 3308 8493 6794 5892 4658 5335 1862 4447 405 7830 3661 6063 583 8498 1774
306 1069 8261 7656 1187 9964 7037 9044 6354 7277 6036 6048 8233
295 9331 5591 2033 5174 7897 4211 3990 9783 722 3125 5434 3012
245 6394 9639 1063 3374 7190 1758 8697 7534 2954 5933 2970 3073 9848
243 4183 5319 4393 4665 1890 532 5946 4675 1002 7754 8512
236 80 9742 653 7867 4119 8704 3133 3098 2938 609 5921 1878 732 2240
221 3176 8950 1003 1759 8741 8009 2610 9454 4281 8698 3651 2340 2240
80 5994 3370 2425 409 1040 7682 5635 5498 1841 190 2318
492 9687 4004 9970 6084 7181 558 7500 8002 3872 7292 8867 9167 2882 3160 3081 4302 2898 5437
455 9360 6070 242 2933 1033 692 8657 1460 8601 2345 847 2240
391 1373 2222 8246 8650 2794 2271 7999 6056 3848 4913 8499 6967 2
377 2050 6507 6775 4984 113 9140 4093 1330 9707 6683 5443 5209 4489 5270 5401 4352 6938
367 8216 3639 9303 9946 5433 5922 7861 1044 151 2041 1421 6686 5861 3190 6778 3543
270 5265 3131 646 4867 3900 7504 7216 3302 8954 3157 1686 6729 5445 3936
238 9071 8018 6104 6498 2236 727 6783 304 6816 6869 6738 2239 4787 9842
202 3735 8038 4724 6210 6784 1111 2032 3526 9701 6149 3316 9007
184 972 1689 2332 6094 26 499 1234 8999 6830 2156 1260 6613
58 1760 2544 4117 8556 5980 6059 1302 7546 8526 800 123 9971 8300 7992 7949 2962
11 1477 128 1938 2208 8845 7260 4518 7541 8561 4875 730 5762
0 6521 4757 2216 4484 5616 2645 1605 2398 8496 1654 5871 5063 5962 5715
488 1482 4811 8746 7113 3410 8951 1685 685 6992 484 3969 9677 1750 5715
355 2560 6107 6282 9858 7164 4249 1070 5479 4978 706 3910 9480 7732 2240
329 6081 9498 5563 9345 2097 6069 1059 1903 8836 7087 7749 3503 1533 7985 7997
239 1621 284 1603 4478 8536 3416 2514 4037 348 6236 7116 5219
222 1136 2068 6994 6710 2694 8438 6076 9580 7091 9518 7296 2288
141 6052 5285 1483 8807 6516 6478 9211 1279 336 6916 1400 9989 4909 2121 79
88 4212 114 7666 5225 1489 1597 9254 7691 6730 95 9976 3726 8994
86 7809 5117 1115 599 5143 3957 5781 5213 3209 9107 1763
10 8215 947 4569 8520 5147 697 4835 6565 9537 1271 8131 6359 4749
471 2221 2046 9445 2765 5493 5426 1183 3808
124 448 3039 3873 9474 811 1806 2723 7914 8725 9283 9943 4624 5748
108 157 3341 5701 3002 2370 9644 781 3686 7622 1829 5788 4035
74 9966 3826 8735 7129 9481 8358 3148 2778 410 478 2875 5748
480 3056 85 589 8861 9308 2802 3229 5379 8346 1124 9247 2784 8259 1868 2155
437 8868 1426 1721 788 6254 9166 6264 6704 4185 2969 5026 935
416 3785 436 568 6536 6361 1544 5453 9323 2983 1105 569
350 9031 7811 8133 6974 5037 5789 5850 4200 5056 3268 8599 9968
225 3378 4051 140 2830 839 5951 1548 1688 8833 1405 1496
196 3611 7665 2118 4609 1349 3802 7986 3988 7583 8455 8958 3427 2
154 8433 3138 2965 8851 4799 5991 5528 8658 5188 7312 8631 1197 9795 2113 6099 7880
140 1469 5159 2044 5686 9512 818 688 1911 6434 6424 8722
470 8108 6983 4557 2975 6749 3078 5144 4439 6136 2137 4123 5448 4400 321
371 6167 5945 8514 2513 9680 5290 3527 3020 8985 6814 1845 5053
368 8810 6123 6366 8571 3350 8163 1696 9423 6279 2276 6920 6258 7153
348 81 5732 7475 2144 4888 869 8630 8402 9908 1509 1080 6570 1118 3052 4457 979
330 7043 7440 7257 7468 7564 2753 244 963 1347 281 3507 199
246 1492 9475 7990 9866 3246 3075 4579 1733 5029 8491
85 7443 6901 5621 4899 9146 1106 488 6818 4179 5289 9215 6088 2518 9453
54 5839 945 5589 6766 7523 9377 9462 1350 1472 166 6701 6893 5514 9623 640 8005
42 9063 7227 1259 9076 8593 7674 9026 1805 7761 9181 8228 5920 1705 9846 3923 3023
38 5338 8408 1828 5908 1583 4295 8117 9386 6308 6257 4325 4364 75 9444 321
335 916 7700 8075 2703 5545 8874 7600 6623 4464 1767 6014 6547
293 1720 5094 6441 4063 5847 2789 6905 8379 6191 630 7474 5643 79
235 3372 4213 2334 3948 4365 9250 6132 3650 7224 917 2676 3163
233 5629 9156 7857 946 8576 7996 6902 1830 6184 5734 9569 9723 295 4027 4901
157 9112 1245 4221 4315 8960 92 1929 5956 2292 450 2
17 5385 7466 5614 2430 6214 6971 6126 9358 6245 5520 5099 3074 79
399 9690 6561 3597 6944 7580 1434 8084 2606 9601 1281 5005 3964 5715
213 8338 5066 1660 3398 7452 3773 3674 7406 1854 5373 9605 6327
191 8799 7136 2777 9558 7373 6106 1844 9000 7988 3008 1860 6398 8396 2327 6613
149 971 9897 8766 3570 3529 4605 9628 7134 8882 1456 2670 4561
146 3831 8626 5019 5557 3356 4019 7549 9092 3718 4244 2597 4509 7728 876 3885 7153
136 4477 4777 8286 2062 3046 7930 9667 8211 894 2056 4111 9993 8193
113 9300 5711 4475 1673 4712 9828 8395 1486 8871 4232 6071 208 4326 3074
94 9292 2547 6648 2094 7325 1470 1093 9674 8099 8109 7090 683 719 321
479 3989 6356 6656 7972 9961 9282 2309 2988 5202 7211 3572 6861 3648 4528 9545
468 3694 5556 5500 6330 4381 6733 7375 6673 3197 9582 5 3234 9688 4985 5962
337 8978 9799 2090 6025 4806 7886 2388 3791 4845 188 8140 7949
490 9942 3805 3420 1210 1377 6555 5598 8578 572 8306 6289 5383 3783
369 7692 2605 2819 6746 2024 2373 1039 2594 5277 7269 8700 8644 1668
361 7070 5960 4515 2872 8911 6000 1408 9803 5080 4491 9002 2057 90 454 7652
301 87 4138 8821 9154 2720 8742 9367 7739 8814 1176 5149 4664 79
242 3091 1368 4732 8778 9919 2764 3181 8504 6102 3883 7919 2962
231 6674 2638 7743 1172 5410 4674 9103 24 341 3528 7012 4855
162 3065 8640 9767 1290 8420 1 998 4691 2883 4378 9160 3982
159 4275 3210 3739 3015 9399 2967 6658 8889 7428 5124 3757
129 3449 7131 6443 8091 4838 5883 675 130 1988 1031 6891 2870 1822 7669 9930 7240
64 4802 9325 6866 7143 5844 907 9411 7442 4061 5393 354 2630 1774
179 7765 5626 1898 9809 350 5355 4933 1927 5618 5582 2176 4309 6986 5715
166 6387 7378 7923 6527 1418 2648 5814 2397 9004 6946 7438
16 3916 3874 7104 7487 9863 1704 906 3687 3803 6551 5471 2847 4377
457 2901 8859 1946 5208 6064 1272 9231 4731 2223 8839 5608 5880
392 9662 7246 1316 1951 2298 605 2103 5123 6931 1206 1216 935
359 8852 5601 7931 5620 8482 7273 1452 8446 3364 8964 3832 8775 9713 259
250 8222 4651 1630 8051 8477 3974 224 1270 5333 9206 1341 8174 399 412 2
206 861 7560 4534 7225 4270 1791 63 9394 445 4210 1510 7138 6544 9374 4314
96 3643 2511 1334 4621 4895 2916 1706 3403 7971 2393 5519 3877 2
3 1098 5827 6437 5586 9135 5459 4602 4260 9417 5943 3485 3896 8251 1711 7950 1042 8994
388 662 8367 5647 2957 2277 3921 7031 2657 5447 2218 8450 1121 5412 2962
322 7518 7619 7081 3815 4262 3899 5579 9757 6537 5715
273 1232 9179 7991 1436 51 5273 2642 2325 5524 8642 2004 8125
134 5364 5577 7853 7460 7951 2456 1364 290 2344 4733 6454 9086 6482 2288
324 8285 9109 3457 1933 7067 7632 4739 5288 4743 8467 2792 5973 8158 4660 301 5580 6082 3836
209 5565 318 5328 8798 3614 2120 8202 4164 8588 6539 7788 6061 5869
26 64 2245 5303 7937 1273 1082 7812 4476 9641 1739
223 6418 5474 5516 1097 9730 9353 7802 5745 5008 7218 269 1986 7221 991 4494 6044 7762
117 2734 7286 9844 6118 2718 1926 4937 9609 664 9843 9834 79
47 6504 534 8654 5588 7217 1268 4018 8939 2932 6175 8726
379 3840 7161 4191 7140 8312 8974 3054 4068 6039 2587 4932 9244
312 3775 9587 5540 209 8535 6754 9195 5421 7394 2382 8651 9852 2240
30 411 9505 5699 1888 3279 5782 3413 2616 4716 158 3745 9607 9533 2
57 3943 3083 5494 4927 4403 5205 2917 5526 8322 4718 2804 4539 2240
358 3258 7981 6003 7259 1054 4546 8120 2738 2834 1428 8157 6306 5412
255 3769 9482 808 178 769 8303 7953 2658 1934 1607 7864
65 794 9509 842 6838 4009 6087 2257 7660 2864 6950 7244 3996 8582 374 2
232 1518 5331 9163 4209 6981 3353 2512 1943 8160 1086 3445 3669 3186 2783 3491 7710 6534
387 28 7196 1894 4946 9311 4759 6162 2749 3222 809 365 7354 8345 6538 79
343 7803 6466 2045 4604 4479 337 6599 3828 5670 4034
98 6233 4523 1792 9891 45 7283 8557 8229 5720 8671 979
106 7465 4165 4938 1182 6825 7184 3942 5415 9651 8597 1852 8495 9129 5715
315 98 9808 8516 7621 8162 6294 310 5689 397 4857 3244 2099 2101 9703 2817 1534 2962
