100
2 0 1 2 3 4 5 6 7 8 9 10 11 13 12 17 14 16 15 19 18 23 21 24 20 22 27 33 28 32 26 35 25 29 34 37 30 138 2264 3756 3244
67 0 1 2 3 4 5 6 7 10 8 9 11 13 18 14 12 15 22 16 17 19 20 24 23 27 21 29 33 34 31 38 37 42 26 28 35 69 138 155 3477
22 0 1 2 3 4 5 6 7 9 8 11 12 10 15 16 17 14 25 13 46 38 31 18 32 63 40 23 30 41 36 57 47 29 28 69 72 859 138 1310 1290 5926
15 0 1 2 3 4 5 6 8 7 11 9 43 10 12 45 20 36 42 54 87 21 47 84 19 41 40 15 53 13 22 51 68 63 126 120 1290
86 0 1 2 3 4 5 7 6 9 44 14 8 10 100 60 50 51 71 25 13 16 53 11 68 45 15 48 34 72 30 67 303
45 0 1 2 3 4 6 5 52 7 8 55 23 26 12 10 17 44 43 9 60 20 46 67 56 108 59 31 39 70 27 155
6 0 1 2 3 4 5 39 6 7 24 50 95 58 8 14 13 19 57 56 48 40 18 78 9 82 12 35 17 75 16 61 112 10 52 55 62 27 176 7624
84 0 1 2 3 4 86 5 6 32 54 75 49 58 7 22 15 65 12 36 59 33 8 64 94 29 21 168 20 81 11 176 621 1737
81 0 1 2 4 3 65 6 7 5 83 49 81 9 8 10 11 90 25 128 95 37 113 21 38 32 45 19 16 13 79 94 71 120 126 554 138 1671
55 0 1 2 3 115 80 4 88 117 116 5 183 6 98 84 14 8 30 7 136 76 26 86 49 89 134 70 101 24 11 90 173 3244 6887 1263 1502
31 0 1 2 3 105 96 5 4 76 61 66 144 39 18 82 83 14 15 117 55 241 8 6 7 12 58 199 62 119 16 20 10 263 9 172 27 482 7624
11 0 1 2 4 3 79 64 5 111 136 93 34 112 6 91 41 13 114 65 139 51 7 103 80 11 131 17 105 46 10 28 19 8 69 3975
99 0 1 2 3 96 5 4 178 101 199 97 66 61 15 74 39 113 119 47 7 106 116 9 175 36 84 143 12 6 406 168 24 3110 583 3975
97 0 1 2 100 3 92 4 103 142 173 140 78 125 104 6 124 658 234 127 86 178 91 132 267 43 59 426 168 129 4301 1737
96 0 1 2 131 3 4 5 108 88 17 127 156 87 38 8 280 110 6 10 143 74 93 249 205 109 149 33 7 53 20 11 15 9 2003
83 0 1 2 3 89 85 50 4 5 25 42 21 31 7 142 39 6 52 56 19 11 54 60 266 12 111 140 48 144 3244 2591
57 0 1 2 3 77 5 44 110 4 26 200 62 19 7 268 129 139 102 57 53 9 231 18 20 85 14 197 150 422 16 257 106 38 118 37 196 63 22 349 8 3975
54 0 1 2 180 99 451 241 3 104 5 193 77 158 18 137 902 4 132 110 82 23 144 188 445 150 114 115 172 133 76 149 468 126
27 0 1 2 3 122 164 165 107 73 4 124 6 17 299 157 29 34 24 5 169 431 8 221 151 1117 40 203 28 23 10 135 41 9 121 1954 2889 2780 2848 3097
26 0 1 2 3 99 161 4 128 187 5 73 147 102 12 122 107 25 70 257 46 15 6 125 11 267 7 66 131 222 24 30 47 406 8 120 5526 709
24 0 1 2 3 91 4 271 35 22 42 92 188 31 185 5 67 13 128 32 7 269 250 109 231 769 12 74 10 28 184 252 708
21 0 1 2 3 164 161 202 134 6 64 97 79 33 4 179 602 425 226 5 205 227 252 233 68 71 44 103 218 21 1350 494 1384 3684 1482 2264 2848
12 0 1 121 2 221 300 88 147 186 3 421 213 154 287 336 275 270 171 613 558 137 790 26 251 223 2961 245 573 2371 554 2757 1077 1502 138 1310 3756
7 0 1 2 157 459 3 130 250 133 195 145 229 158 218 4 55 198 98 224 47 89 46 118 1496 5 12 174 2387 277 230 462 102 583 9517 1310 1290 7624
90 0 1 2 331 3 229 201 287 210 17 130 184 5 425 14 141 232 23 4 6 83 35 123 90 655 8 21 7 255 25 19 15 145 135 194 9 75 28 52 27 1223 1052 1290
80 0 1 2 186 916 377 123 95 13 206 50 3 111 156 1363 127 81 167 422 840 63 202 36 347 4 311 928 869 968 3106 303
79 0 1 2 152 72 3 87 238 227 272 169 98 240 281 277 498 224 153 51 170 4 553 13 220 206 60 233 159 7 545 146 669 485 355 1482 1671 2848
75 0 1 174 2 335 170 209 43 69 489 245 3 49 213 14 356 210 97 195 6 454 185 57 200 141 45 147 58 151 159 4 155 240 8 8734 3097
74 0 1 2 180 203 3 446 85 344 73 162 163 14 54 165 170 242 48 109 582 201 4 10 5 77 22 9 316 1917 468 1954 2848 3097
65 0 1 2 259 280 177 3 357 183 59 217 6 234 160 299 220 409 166 84 11 1117 10 429 43 396 17 4 32 15 263 8 2780 2818 5482 708
61 0 1 152 179 146 2 362 4 444 19 9 351 121 226 215 213 42 157 384 20 275 587 3 193 230 40 208 78 323 18 6 16 408 253 126 968 3975
56 0 1 2 181 154 223 35 3 391 160 44 4 108 153 247 12 24 481 14 5 196 177 7 40 868 6 167 22 207 9 948
53 0 1 246 2 1866 216 225 360 3 251 243 418 215 254 100 30 70 4 6 490 187 114 171 8 17 38 510 48 534 110 524 15 1077 1315 2060
50 0 1 2 228 2292 301 261 817 56 371 327 3 216 5 34 148 464 25 592 859 3246 198 16 19 266 1857 41 39 214 3443 12 13 349 21 534 8 1482 3244 2591
48 0 211 1 163 300 2 398 162 356 148 3 545 404 1371 366 483 79 2041 239 6 1384 278 1163 5 204 330 68 33 189 7090 74 8114 71 1272 1554 4247
47 0 1 2 383 225 517 188 57 5 37 283 521 344 3 166 773 293 129 288 85 244 7 26 429 82 826 36 78 376 10 139 339 2177 1495
46 0 493 409 1 1057 485 142 130 8160 459 733 272 412 1944 325 204 777 367 358 9902 4704 1340 1704 788 1805 1382 1337 8929 2 665 856 6181 833 5209 1386 1502 5974 138 1263
41 0 1 207 491 268 52 2 283 665 64 382 295 4255 414 181 4 611 1477 3 2344 581 37 156 209 419 117 28 808 31 197 1679 2076 2848
37 0 1 2 1233 587 412 246 384 3 175 3222 1222 30 24 4 817 395 1052 54 444 362 254 10 712 1080 2147 2096 672 6 18 16 2430 1737
32 0 1 527 239 381 743 2 281 676 714 479 232 34 101 318 975 2965 186 251 354 94 20 3992
23 0 1 253 194 2 3 17 11 35 4 264 55 7 1119 67 2479 5 318 65 56 124 479 419 462 455 6 551 452 107 279 1429 14 1122 2060 554
10 0 1 86 269 1275 3140 2 294 123 2804 29 327 332 513 15 256 80 22 739 386 32 17 4 347 143 3 1963 72 687 533 131 2871 1483 621 27 38 5926 6049 1737
9 0 1 808 2 2024 340 163 516 945 99 158 417 191 290 491 1456 446 458 2831 20 3866 23 369 3 507 45 189 627 6 1881 176 6729 725
5 0 1 97 93 2 328 435 298 513 452 62 29 9 105 4 31 323 500 37 255 3 25 286 411 18 16 23 160 61 329
95 0 1 262 212 284 316 217 66 405 222 75 141 381 106 389 2 915 336 84 11 259 119 902 4 87 812 1216 13 2521 686 725 138 3774
92 0 1 248 264 2 279 293 304 551 1073 278 190 774 281 179 3 169 45 57 671 882 81 7 235 399 752 1958 1334
89 0 1 553 912 436 837 726 636 2 5350 3 178 71 3137 500 348 799 11 1340 997 5 2051 2221 673 238 1757 472 351 694 1896 2987 538 1495 485
87 0 1 1073 882 505 152 2 371 358 25 709 689 4738 2334 260 377 774 3 1125 600 949 7301 397 116 177 651 663 159 568 231 2848 3097
82 0 1 247 271 339 565 235 360 494 2 334 96 208 338 508 559 374 1606 314 958 348 2282 341 6 4 662 1227 9 242 907 394 146 927 8
78 0 1 391 292 2 352 632 13 122 390 370 2282 5 3 29 435 12 987 10 53 18 1948 6 261 33 654 325 396 17 21 252 3756 2264 7055
76 0 104 556 600 508 2844 332 1 307 112 511 455 2938 244 354 50 357 549 302 714 577 286 3228 3279 457 305 691 458 517 1160 6288 869 389 3992
72 0 1 236 243 653 237 543 502 475 798 249 334 2 418 404 4 72 397 428 2859 477 46 749 121 1558 114 70 1190 216 1621 248 493 55 219 948 138
70 0 1 228 2 315 59 56 472 42 14 3 132 203 73 19 626 297 52 338 11 378 76 39 592 372 758 7 1486 8 1917 2973 487 6729 176 3244 2848
68 0 509 1 612 533 447 2 324 2942 302 1888 1407 236 1071 433 715 12 314 647 191 26 1087 424 514 8241 6 113 264 840 309 1122 554 7055
64 0 1 335 542 501 237 60 1499 296 512 1005 1638 265 4 394 2 410 532 712 669 6767 679 465 32 6 5526 58 27 379 12 904 8 33 211 807 388 805 7 671 977 6165
60 0 297 1 219 758 212 1756 310 1927 1909 355 311 23 28 352 115 410 298 951 137 65 433 350 238 2 77 475 83 763 253 525 9 1260 123 4390 8450
58 0 1363 916 285 1 928 1996 378 1067 315 289 262 1044 2012 9628 319 7274 703 1159 1540 1799 685 1360 2380 3911 471 1739 9454 2640 3106 968
49 0 1 501 907 1107 994 1628 519 63 1883 2 388 306 415 49 94 529 953 1192 876 7 1061 763 689 350 259 6 3 738 28 1671 3097
44 0 519 309 1 498 370 256 369 294 301 331 742 1017 2 1246 465 5 936 284 1107 214 92 483 1002 466 270 603 62 171 7 265 2196 1070 27 117 708
42 0 118 800 565 411 668 432 293 1011 340 1001 423 603 1184 546 2400 8931 2514 1516 248 1 660 1664 4537 529 787 149 9567 5246 482 2710 332 1387 8 2153 1290
40 0 1 538 755 2 328 3098 51 680 329 439 3 1184 509 68 4 2286 365 308 2720 97 210 452 75 582 189 1027 90 375 1958 915 9 957 2818
34 0 305 414 190 1 611 1575 5038 680 716 295 9952 1747 3764 168 1007 476 1516 5737 722 6538 364 2344 1233 2076 3959 581 1679 1213 1322 1263
33 0 1114 1 602 289 1216 724 812 550 307 405 34 980 633 1990 1427 73 2521 630 3 14 373 91 598 66 13 1049 284 2444 5150 2848
30 0 1610 612 1 610 625 150 687 93 478 234 503 2385 836 2 19 31 461 1424 13 258 2014 36 16 1026 402 5 134 44 12 294 532 679 9517 2848
29 0 337 1 437 760 490 442 2 274 330 290 451 793 962 1506 559 1007 1378 666 250 306 3 887 481 223 5 15 364 595 727 807 629 2955 6604 138
28 0 478 258 1 1150 383 337 975 610 1074 2 791 19 67 10 1788 148 14 44 836 2385 431 1378 420 2576 7718 144 860 3 274 20 1610 9 900 6604
19 0 1 615 1665 346 1524 153 980 707 269 4430 1132 9053 4526 704 47 2911 1427 2453 1709 571 2341 2804 11 32 4698 654 298 525 4137 624 3477 859 5926 900 1737
98 434 0 291 556 1487 341 757 1658 649 5748 1740 6400 5645 6201 1636 1672 9782 7243 6546 1006 1736 927 699 1161 6927 951 1207 5084 2148 2039 7753 797 3097 1671
93 0 1 1638 502 9798 296 3535 1080 276 187 2 866 107 1152 363 549 1951 526 1948 842 353 434 1936 750 310 597 49 406 1010 1481 1421 11 1005 1290
88 0 282 1 510 796 1223 655 1189 2552 209 4171 3223 1071 6160 4479 9358 2209 606 1808 1828 3814 21 8461 1110 1776 4329 7266 445 322 1462 3977 461 3022 449 720 7245 2169 155
73 0 320 637 3708 1 609 1311 1307 3403 1756 333 597 1484 308 2201 1611 1953 1845 317 3 9 596 470 2700 92 2 24 10 95 6188 898 17 474 149 520 686 3774 867 1495 2060
71 0 399 546 182 723 2477 715 1 523 439 448 438 5195 1867 442 4088 1099 268 2360 36 903 854 5447 322 304 727 644 40 628 26 2 5 2684 881 2291 4656 3097
66 0 8114 7325 505 1218 662 2785 524 375 641 5973 4872 5915 1282 4180 4673 4019 795 845 1775 6934 3289 1272 2210 801 5302 632 965 2696 5454 2663 6498 125 734
63 688 398 0 1822 906 432 2363 5410 1206 958 1183 2690 5190 2921 652 1524 3337 3112 925 794 1075 489 276 3205 1395 1666 9990 5999 4813 3496 2291 7892 1263 1290
43 0 1 474 753 3708 380 4680 324 1866 842 23 111 54 1988 477 6126 1128 2 813 15 180 363 412 4 2473 8 428 376 1274 138
20 0 1 1169 1012 174 1121 436 5154 401 1067 75 2474 232 35 491 1489 2 495 1841 770 14 919 50 1373 5672 454 1514 3052 69 147 1187 1052 3428 2153
14 0 653 1 5850 666 749 1228 503 1558 936 670 450 1097 34 236 1694 366 543 185 825 45 706 3070 2205 737 349 456 1902 760 1641 659 224 650 290 121
1 0 2308 596 484 288 5865 464 9903 1403 430 5519 5361 415 88 831 5515 1572 700 7269 3198 6890 8620 1581 2758 950 6649 2908 1089 1309 735 6981 3996 4589 463 2226 5508 5367 1290
94 0 402 1506 2286 860 374 619 161 627 43 755 1230 1037 1 555 857 189 667 217 23 735 10 273 282 77 590 1861 80 291 1008 5442 5921 3244
85 0 938 1222 544 1398 2628 1927 2312 1909 521 384 801 2144 1 1424 676 456 656 2652 5641 33 2973 417 9442 514 6234 2562 4390 6729 7984 2848
62 0 1012 770 527 5672 2474 1383 495 1841 919 1373 1169 1187 1130 4197 1002 3234 3052 5876 661 6450 2203 3428 4894 112 174 3429 69 1 5406 6379 155 1310
39 0 1086 579 373 1251 906 136 608 1854 1743 2503 2383 447 792 1150 2125 46 1 896 2143 942 8735 1197 387 4341 1079 879 2092 1484 74 4629 1227 3493 2088 1723 1671 5921
36 0 733 1783 1211 998 751 647 1481 1936 1797 1 457 2979 724 9798 622 407 448 9562 379 1168 3317 469 1919 989 5001 805 3535 105 4984 1638 8454 5526 2591
18 879 0 1251 450 390 192 267 1197 26 204 1 701 2128 796 7593 579 3813 1298 750 2688 979 421 1973 506 393 1082 678 790 2990 546 439 878 3983 5381 1334
17 5893 0 1185 345 946 731 418 1396 547 435 2072 245 759 4278 60 1710 346 3900 85 361 3274 7818 1 2202 633 866 3735 5278 8015 3923 4607
8 0 2308 484 950 752 9903 1403 430 5519 5361 831 5515 1572 700 7269 3198 815 6890 8620 1581 2758 5865 6649 1089 1309 1377 6981 3996 151 41 2226 5508 7292 3494 9356 2572
3 0 2942 1888 447 1734 426 1466 851 768 1 165 392 2 564 8733 4138 5350 1130 1593 651 2657 499 2517 1456 235 273 635 730 1407 8466 207 6745 2378 3603 197 9710 4347 554 1671
0 0 1137 756 1687 1422 4738 1462 3376 720 1 663 1189 1368 449 4227 130 4040 3053 6614 192 8949 6779 4048 6052 17 281 606 949 6045 2334 6160 3160 4171 9054 9517
91 2477 644 0 2871 1155 2492 1357 667 817 3208 2424 732 1221 1804 3794 1119 455 1016 327 3066 2650 4081 1691 4465 3909 1287 2452 843 1419 881 8088 787 4370 2665 9546 3003 9167 4148 6018 2591 3244
69 0 1935 335 542 762 3499 1593 1499 1883 427 1279 8180 3561 1061 756 3520 6767 2177 7231 1446 516 8004 1628 3710 2551 1266 1522 971 361 512 3169 4734 677 1800 1961 977 501 145 782 873 6165
52 0 1465 868 1070 397 4096 786 424 239 5299 1017 1401 6689 8056 4947 5681 5524 1561 2625 7979 7278 1588 2312 2293 1886 1379 4226 789 6161 742 2601 7895 5851
38 0 768 1064 718 125 903 1759 9711 1606 1937 5472 641 839 907 1329 320 6037 1844 5675 5144 3144 1325 5419 642 9320 165 101 585 6656 1334 1671
25 567 0 2587 469 380 400 425 393 1199 1490 4724 2546 342 9677 1293 463 1667 588 1859 757 2191 952 6943 1126 602 2494 5532 577 2737 3262 8243 3251 7242 1482 5482 2264 1495
16 0 659 848 1754 819 2014 1116 506 170 933 9471 4848 6031 5429 4752 1315 1590 5222 3548 1576 1296 3500 1100 4362 2983 1021 1959 6662 1748 1985 914
13 567 0 400 1271 2464 2546 342 9677 1293 1490 1859 2191 952 6943 1126 2494 5532 2737 3262 588 392 1637 4911 2947 571 8243 6813 3251 2794 4100 3880 6115 7242 7382 1482
4 2052 0 1465 257 1336 2132 1863 779 392 1843 1623 1956 2195 891 2706 3689 511 2098 3056 7687 941 1582 8401 9493 786 173 3293 2791 6205 7287 229 3767 2818 7055 1502 3975 1310
77 851 8733 4138 2657 499 2517 635 8466 6745 2378 3603 658 9355 1087 9710 5872 254 2942 1888 1228 1577 528 2398 1992 3591 5817 1393 1466 1333 5848 1258 6357 1366 5582 8241 554
59 535 769 1011 8601 6408 3843 6238 2187 1429 1728 1264 1566 2295 2479 2980 762 1412 605 585 933 470 4184 1066 2692 8146 5173 5459 6676 702 726 343 7805 3908 1134 2060
51 182 910 9234 8783 4705 788 4606 966 2410 1728 1989 2420 4847 6237 1224 3586 0 1417 1848 3924 3824 738 623 1491 1602 7694 1692 3634 2633 3218 3734 5230 6463 5031 6877 1159 9365
35 7718 8973 1959 646 6137 9957 3236 1752 7970 476 2239 1074 5221 6012 4164 471 969 953 1504 4613 2516 3560 1782 1260 2581 1653 899 1165 359 413 1065 3923 4551 8450 7709 2371 1604 138
